<?xml version="1.0" encoding="UTF-8"?>
<!-- Generated by org.testng.reporters.JUnitReportReporter -->
<testsuite skipped="0" hostname="DESKTOP-HJBVMJK" name="sdet.PathparametersandAuthentication.BasicAuth" tests="1" failures="0" timestamp="28 Sep 2021 05:18:22 GMT" time="3.546" errors="0">
  <testcase name="basicauth" time="3.546" classname="sdet.PathparametersandAuthentication.BasicAuth"/>
</testsuite> <!-- sdet.PathparametersandAuthentication.BasicAuth -->
