<?xml version="1.0" encoding="UTF-8"?>
<!-- Generated by org.testng.reporters.JUnitReportReporter -->
<testsuite skipped="0" hostname="DESKTOP-HJBVMJK" name="sdet.CRUD.practice.UpdateprojectusingBDD" tests="1" failures="0" timestamp="26 Sep 2021 07:16:20 GMT" time="2.756" errors="0">
  <testcase name="updateprojectusingBDD" time="2.756" classname="sdet.CRUD.practice.UpdateprojectusingBDD"/>
</testsuite> <!-- sdet.CRUD.practice.UpdateprojectusingBDD -->
