<?xml version="1.0" encoding="UTF-8"?>
<!-- Generated by org.testng.reporters.JUnitReportReporter -->
<testsuite skipped="0" hostname="DESKTOP-HJBVMJK" name="sdet.MultipleRequestResponse.ValidateStaticResponse" tests="1" failures="0" timestamp="27 Sep 2021 17:07:39 GMT" time="2.561" errors="0">
  <testcase name="validatestaticresponse" time="2.561" classname="sdet.MultipleRequestResponse.ValidateStaticResponse"/>
</testsuite> <!-- sdet.MultipleRequestResponse.ValidateStaticResponse -->
