<?xml version="1.0" encoding="UTF-8"?>
<!-- Generated by org.testng.reporters.JUnitReportReporter -->
<testsuite skipped="0" hostname="DESKTOP-HJBVMJK" name="sdet.PathparametersandAuthentication.Outh2authentication" tests="1" failures="0" timestamp="28 Sep 2021 06:08:20 GMT" time="3.490" errors="0">
  <testcase name="outh2authentication" time="3.490" classname="sdet.PathparametersandAuthentication.Outh2authentication"/>
</testsuite> <!-- sdet.PathparametersandAuthentication.Outh2authentication -->
