<?xml version="1.0" encoding="UTF-8"?>
<!-- Generated by org.testng.reporters.JUnitReportReporter -->
<testsuite skipped="0" hostname="DESKTOP-HJBVMJK" name="sdet.CRUD.practice.Getallprojects" tests="1" failures="0" timestamp="27 Sep 2021 16:55:58 GMT" time="1.946" errors="0">
  <testcase name="getallprojects" time="1.946" classname="sdet.CRUD.practice.Getallprojects"/>
</testsuite> <!-- sdet.CRUD.practice.Getallprojects -->
