<?xml version="1.0" encoding="UTF-8"?>
<!-- Generated by org.testng.reporters.JUnitReportReporter -->
<testsuite skipped="0" hostname="DESKTOP-HJBVMJK" name="sdet.CRUD.practice.Createprojectwithjsonfile" tests="1" failures="0" timestamp="27 Sep 2021 08:01:28 GMT" time="7.256" errors="0">
  <testcase name="createprojectjsonfile" time="7.256" classname="sdet.CRUD.practice.Createprojectwithjsonfile"/>
</testsuite> <!-- sdet.CRUD.practice.Createprojectwithjsonfile -->
