<?xml version="1.0" encoding="UTF-8"?>
<!-- Generated by org.testng.reporters.JUnitReportReporter -->
<testsuite skipped="0" hostname="DESKTOP-HJBVMJK" name="sdet.MultipleRequestResponse.ValidateDynamicResponse" tests="1" failures="0" timestamp="27 Sep 2021 17:21:10 GMT" time="2.371" errors="0">
  <testcase name="validateDynamicResponse" time="2.371" classname="sdet.MultipleRequestResponse.ValidateDynamicResponse"/>
</testsuite> <!-- sdet.MultipleRequestResponse.ValidateDynamicResponse -->
