<?xml version="1.0" encoding="UTF-8"?>
<!-- Generated by org.testng.reporters.JUnitReportReporter -->
<testsuite skipped="0" hostname="DESKTOP-HJBVMJK" name="sdet.CRUD.practice.Getsingleproject" tests="1" failures="0" timestamp="26 Sep 2021 06:16:51 GMT" time="3.192" errors="0">
  <testcase name="getsingleproject" time="3.192" classname="sdet.CRUD.practice.Getsingleproject"/>
</testsuite> <!-- sdet.CRUD.practice.Getsingleproject -->
