<?xml version="1.0" encoding="UTF-8"?>
<!-- Generated by org.testng.reporters.JUnitReportReporter -->
<testsuite skipped="0" hostname="DESKTOP-HJBVMJK" name="sdet.PathparametersandAuthentication.BearerToken" tests="1" failures="0" timestamp="28 Sep 2021 05:31:20 GMT" time="4.867" errors="0">
  <testcase name="bearertoken" time="4.867" classname="sdet.PathparametersandAuthentication.BearerToken"/>
</testsuite> <!-- sdet.PathparametersandAuthentication.BearerToken -->
