<?xml version="1.0" encoding="UTF-8"?>
<!-- Generated by org.testng.reporters.JUnitReportReporter -->
<testsuite skipped="0" hostname="DESKTOP-HJBVMJK" name="sdet.PathparametersandAuthentication.Pathaparameter" tests="1" failures="0" timestamp="27 Sep 2021 17:32:06 GMT" time="2.015" errors="0">
  <testcase name="pathparameter" time="2.015" classname="sdet.PathparametersandAuthentication.Pathaparameter"/>
</testsuite> <!-- sdet.PathparametersandAuthentication.Pathaparameter -->
