<?xml version="1.0" encoding="UTF-8"?>
<!-- Generated by org.testng.reporters.JUnitReportReporter -->
<testsuite skipped="0" hostname="DESKTOP-HJBVMJK" name="sdet.CRUD.practice.Updateproject" tests="1" failures="0" timestamp="26 Sep 2021 06:29:26 GMT" time="2.802" errors="0">
  <testcase name="updateproject" time="2.802" classname="sdet.CRUD.practice.Updateproject"/>
</testsuite> <!-- sdet.CRUD.practice.Updateproject -->
