<?xml version="1.0" encoding="UTF-8"?>
<!-- Generated by org.testng.reporters.JUnitReportReporter -->
<testsuite skipped="0" hostname="DESKTOP-HJBVMJK" name="sdet.CRUD.practice.Deleteproject" tests="1" failures="0" timestamp="26 Sep 2021 06:33:29 GMT" time="2.399" errors="0">
  <testcase name="deleteproject" time="2.399" classname="sdet.CRUD.practice.Deleteproject"/>
</testsuite> <!-- sdet.CRUD.practice.Deleteproject -->
