<?xml version="1.0" encoding="UTF-8"?>
<!-- Generated by org.testng.reporters.JUnitReportReporter -->
<testsuite skipped="0" hostname="DESKTOP-HJBVMJK" name="sdet.CRUD.practice.CreateProject" tests="1" failures="0" timestamp="26 Sep 2021 06:07:08 GMT" time="2.227" errors="0">
  <testcase name="createproject" time="2.227" classname="sdet.CRUD.practice.CreateProject"/>
</testsuite> <!-- sdet.CRUD.practice.CreateProject -->
