<?xml version="1.0" encoding="UTF-8"?>
<!-- Generated by org.testng.reporters.JUnitReportReporter -->
<testsuite skipped="0" hostname="DESKTOP-HJBVMJK" name="sdet.CRUD.practice.DeleteprojectusingBDD" tests="1" failures="0" timestamp="26 Sep 2021 07:27:03 GMT" time="3.671" errors="0">
  <testcase name="deleteprojectusingBDD" time="3.671" classname="sdet.CRUD.practice.DeleteprojectusingBDD"/>
</testsuite> <!-- sdet.CRUD.practice.DeleteprojectusingBDD -->
