<?xml version="1.0" encoding="UTF-8"?>
<!-- Generated by org.testng.reporters.JUnitReportReporter -->
<testsuite skipped="0" hostname="DESKTOP-HJBVMJK" name="sdet.PathparametersandAuthentication.QueryParameter" tests="1" failures="0" timestamp="27 Sep 2021 17:41:17 GMT" time="2.971" errors="0">
  <testcase name="queryparameter" time="2.971" classname="sdet.PathparametersandAuthentication.QueryParameter"/>
</testsuite> <!-- sdet.PathparametersandAuthentication.QueryParameter -->
