<?xml version="1.0" encoding="UTF-8"?>
<!-- Generated by org.testng.reporters.JUnitReportReporter -->
<testsuite skipped="0" hostname="DESKTOP-HJBVMJK" name="sdet.CRUD.practice.GetallprojectsusingBDD" tests="1" failures="0" timestamp="28 Sep 2021 06:50:59 GMT" time="1.927" errors="0">
  <testcase name="getallprojectsusingBDD" time="1.927" classname="sdet.CRUD.practice.GetallprojectsusingBDD"/>
</testsuite> <!-- sdet.CRUD.practice.GetallprojectsusingBDD -->
