<?xml version="1.0" encoding="UTF-8"?>
<!-- Generated by org.testng.reporters.JUnitReportReporter -->
<testsuite skipped="0" hostname="DESKTOP-HJBVMJK" name="sdet.CRUD.practice.GetsingleprojectusingBDD" tests="1" failures="0" timestamp="26 Sep 2021 07:05:26 GMT" time="1.936" errors="0">
  <testcase name="getsingleprojectusingBDD" time="1.936" classname="sdet.CRUD.practice.GetsingleprojectusingBDD"/>
</testsuite> <!-- sdet.CRUD.practice.GetsingleprojectusingBDD -->
