<?xml version="1.0" encoding="UTF-8"?>
<!-- Generated by org.testng.reporters.JUnitReportReporter -->
<testsuite skipped="0" hostname="DESKTOP-HJBVMJK" name="sdet.MultipleRequestResponse.CreateMultipleProjectsUsingDataProvider" tests="5" failures="0" timestamp="27 Sep 2021 11:59:13 GMT" time="10.961" errors="0">
  <testcase name="createmultipleprojectsusingDataProvider" time="0.152" classname="sdet.MultipleRequestResponse.CreateMultipleProjectsUsingDataProvider"/>
  <testcase name="createmultipleprojectsusingDataProvider" time="0.166" classname="sdet.MultipleRequestResponse.CreateMultipleProjectsUsingDataProvider"/>
  <testcase name="createmultipleprojectsusingDataProvider" time="0.110" classname="sdet.MultipleRequestResponse.CreateMultipleProjectsUsingDataProvider"/>
  <testcase name="createmultipleprojectsusingDataProvider" time="10.370" classname="sdet.MultipleRequestResponse.CreateMultipleProjectsUsingDataProvider"/>
  <testcase name="createmultipleprojectsusingDataProvider" time="0.163" classname="sdet.MultipleRequestResponse.CreateMultipleProjectsUsingDataProvider"/>
</testsuite> <!-- sdet.MultipleRequestResponse.CreateMultipleProjectsUsingDataProvider -->
