<?xml version="1.0" encoding="UTF-8"?>
<!-- Generated by org.testng.reporters.JUnitReportReporter -->
<testsuite skipped="0" hostname="DESKTOP-HJBVMJK" name="sdet.CRUD.practice.CreateprojectusingBDD" tests="1" failures="0" timestamp="26 Sep 2021 06:49:45 GMT" time="2.415" errors="0">
  <testcase name="createprojectusingBDD" time="2.415" classname="sdet.CRUD.practice.CreateprojectusingBDD"/>
</testsuite> <!-- sdet.CRUD.practice.CreateprojectusingBDD -->
