<?xml version="1.0" encoding="UTF-8"?>
<!-- Generated by org.testng.reporters.JUnitReportReporter -->
<testsuite skipped="0" hostname="DESKTOP-HJBVMJK" name="sdet.PathparametersandAuthentication.ReqestChaining" tests="1" failures="0" timestamp="27 Sep 2021 17:56:19 GMT" time="2.803" errors="0">
  <testcase name="requestchaining" time="2.803" classname="sdet.PathparametersandAuthentication.ReqestChaining"/>
</testsuite> <!-- sdet.PathparametersandAuthentication.ReqestChaining -->
